{"name": "test_create_order", "status": "failed", "statusDetails": {"message": "AssertionError: assert 3 == 5", "trace": "self = <tests.test_common_user.TestCommonUser object at 0x0000022CCBAC2B30>\n\n    def test_create_order(self):\n        # Тест полного цикла создания заказа\n        base_page = BasePage(self.driver)\n    \n        base_page.generate_positive_user_date()\n    \n        login_page = LoginPage(self.LOGIN_PAGE_URL, self.driver)\n    \n        login_page.open()\n        login_page.login(self.LOGIN, self.PASSWORD)\n    \n        shop_page = ShopPage(self.driver)\n    \n        # Очищаем корзину, если в ней есть товары\n        if shop_page.get_cart_count() != 0:\n            shop_page.clear_cart()\n    \n        assert shop_page.get_cart_count() == 0\n    \n        # Добавляем товары в корзину\n        shop_page.add_product_to_cart_by_index(1)\n        shop_page.add_product_to_cart_by_index(4, times=2)\n    \n        cart_amount = shop_page.get_cart_count()\n    \n        shop_page.go_to_cart()\n    \n        cart_page = CartPage(self.driver)\n    \n        # Проверяем товары на соответствие добавленным\n        cart_page.check_all_products_stats()\n    \n        product_amount = base_page.get_product_amount()\n    \n        # Сохраняем сумму\n        cart_summ = cart_page.get_cart_summ()\n    \n>       assert cart_amount == product_amount\nE       assert 3 == 5\n\ntests\\test_common_user.py:408: AssertionError"}, "attachments": [{"name": "stdout", "source": "91858595-8dc3-458a-8bd4-88a0fb9e94b7-attachment.txt", "type": "text/plain"}], "start": 1765394789616, "stop": 1765394796069, "uuid": "1a370268-3f59-4ddb-8aaf-aa77c7704eca", "historyId": "d05c0a19159b92995175219bc21521a0", "testCaseId": "d05c0a19159b92995175219bc21521a0", "fullName": "tests.test_common_user.TestCommonUser#test_create_order", "labels": [{"name": "parentSuite", "value": "tests"}, {"name": "suite", "value": "test_common_user"}, {"name": "subSuite", "value": "TestCommonUser"}, {"name": "host", "value": "WIN-PJRNLMV72IQ"}, {"name": "thread", "value": "14356-MainThread"}, {"name": "framework", "value": "pytest"}, {"name": "language", "value": "cpython3"}, {"name": "package", "value": "tests.test_common_user"}], "titlePath": ["tests", "test_common_user.py", "TestCommonUser"]}