{"name": "test_negative_user_data_input", "status": "failed", "statusDetails": {"message": "AssertionError: assert 'http://91.19...ckoutOverview' == 'http://91.197.96.80/checkout'\n  \n  \u001b[0m\u001b[91m- http://91.197.96.80/checkout\u001b[39;49;00m\u001b[90m\u001b[39;49;00m\n  \u001b[92m+ http://91.197.96.80/checkoutOverview\u001b[39;49;00m\u001b[90m\u001b[39;49;00m\n  ?                             ++++++++\u001b[90m\u001b[39;49;00m", "trace": "self = <tests.test_common_user.TestCommonUser object at 0x0000020C88156030>\n\n    def test_negative_user_data_input(self):\n        # Негативный тест ввода пользовательских данных\n        base_page = BasePage(self.driver)\n    \n        base_page.generate_negative_user_date()\n    \n        login_page = LoginPage(self.LOGIN_PAGE_URL, self.driver)\n    \n        login_page.open()\n        login_page.login(self.LOGIN, self.PASSWORD)\n    \n        shop_page = ShopPage(self.driver)\n    \n        # Если корзина пуста, добавляем товар\n        if shop_page.get_cart_count() == 0:\n            shop_page.add_product_to_cart_by_index(4, times=1)\n    \n        shop_page.go_to_cart()\n    \n        cart_page = CartPage(self.driver)\n    \n        # Переходим на страницу заполнения пользовательских данных\n        cart_page.place_order()\n    \n        user_data_page = UserDataPage(self.driver)\n    \n        user_data_page.input_user_data()\n        user_data_page.click_place_order_button()\n    \n        # Проверяем, что остались на странице ввода данных (некорректные данные)\n>       assert self.driver.current_url == self.CHECKOUT_PAGE_URL\nE       AssertionError: assert 'http://91.19...ckoutOverview' == 'http://91.197.96.80/checkout'\nE         \nE         \u001b[0m\u001b[91m- http://91.197.96.80/checkout\u001b[39;49;00m\u001b[90m\u001b[39;49;00m\nE         \u001b[92m+ http://91.197.96.80/checkoutOverview\u001b[39;49;00m\u001b[90m\u001b[39;49;00m\nE         ?                             ++++++++\u001b[90m\u001b[39;49;00m\n\ntests\\test_common_user.py:226: AssertionError"}, "attachments": [{"name": "stdout", "source": "df3850da-b5be-4975-ac7c-3464f9c270e3-attachment.txt", "type": "text/plain"}], "start": 1765396662124, "stop": 1765396667268, "uuid": "3033f422-fd7c-48d3-b659-55bfd75926b1", "historyId": "7187b643535df61c294da398f71c801c", "testCaseId": "7187b643535df61c294da398f71c801c", "fullName": "tests.test_common_user.TestCommonUser#test_negative_user_data_input", "labels": [{"name": "parentSuite", "value": "tests"}, {"name": "suite", "value": "test_common_user"}, {"name": "subSuite", "value": "TestCommonUser"}, {"name": "host", "value": "WIN-PJRNLMV72IQ"}, {"name": "thread", "value": "7768-MainThread"}, {"name": "framework", "value": "pytest"}, {"name": "language", "value": "cpython3"}, {"name": "package", "value": "tests.test_common_user"}], "titlePath": ["tests", "test_common_user.py", "TestCommonUser"]}