{"name": "test_order_more_then_100_k_summ", "status": "failed", "statusDetails": {"message": "AssertionError: assert 'http://91.197.96.80/checkout' == 'http://91.197.96.80/cart'\n  \n  \u001b[0m\u001b[91m- http://91.197.96.80/cart\u001b[39;49;00m\u001b[90m\u001b[39;49;00m\n  ?                      ^^\u001b[90m\u001b[39;49;00m\n  \u001b[92m+ http://91.197.96.80/checkout\u001b[39;49;00m\u001b[90m\u001b[39;49;00m\n  ?                      ^^^^^^\u001b[90m\u001b[39;49;00m", "trace": "self = <tests.test_common_user.TestCommonUser object at 0x000001D86A2547D0>\n\n    def test_order_more_then_100_k_summ(self):\n        # Тест оформления заказа с суммой более 100 000\n        base_page = BasePage(self.driver)\n    \n        login_page = LoginPage(self.LOGIN_PAGE_URL, self.driver)\n    \n        login_page.open()\n        login_page.login(self.LOGIN, self.PASSWORD)\n    \n        assert login_page.assure_login()\n    \n        shop_page = ShopPage(self.driver)\n    \n        # Добавляем товары до достижения суммы 100 000\n        shop_page.add_product_to_cart_by_index(4, times=150)\n    \n        shop_page.go_to_cart()\n    \n        cart_page = CartPage(self.driver)\n    \n        # Увеличиваем количество товаров, пока сумма не достигнет 100 000\n        while cart_page.get_cart_summ() < 100000:\n            self.driver.back()\n            shop_page.add_product_to_cart_by_index(4, times=10)\n            shop_page.go_to_cart()\n    \n        cart_page.place_order()\n    \n        # Проверяем, что остались на странице корзины (заказ не оформлен)\n>       assert self.driver.current_url == self.CART_PAGE_URL\nE       AssertionError: assert 'http://91.197.96.80/checkout' == 'http://91.197.96.80/cart'\nE         \nE         \u001b[0m\u001b[91m- http://91.197.96.80/cart\u001b[39;49;00m\u001b[90m\u001b[39;49;00m\nE         ?                      ^^\u001b[90m\u001b[39;49;00m\nE         \u001b[92m+ http://91.197.96.80/checkout\u001b[39;49;00m\u001b[90m\u001b[39;49;00m\nE         ?                      ^^^^^^\u001b[90m\u001b[39;49;00m\n\ntests\\test_common_user.py:539: AssertionError"}, "attachments": [{"name": "stdout", "source": "8d956522-48bb-4ef5-8136-ad44f6b430f6-attachment.txt", "type": "text/plain"}], "start": 1765396331652, "stop": 1765396371392, "uuid": "3708bad5-db84-4f1d-b335-4e3ed63ce173", "historyId": "45aca6ed331ec4a9184ec6d265a01845", "testCaseId": "45aca6ed331ec4a9184ec6d265a01845", "fullName": "tests.test_common_user.TestCommonUser#test_order_more_then_100_k_summ", "labels": [{"name": "parentSuite", "value": "tests"}, {"name": "suite", "value": "test_common_user"}, {"name": "subSuite", "value": "TestCommonUser"}, {"name": "host", "value": "WIN-PJRNLMV72IQ"}, {"name": "thread", "value": "16504-MainThread"}, {"name": "framework", "value": "pytest"}, {"name": "language", "value": "cpython3"}, {"name": "package", "value": "tests.test_common_user"}], "titlePath": ["tests", "test_common_user.py", "TestCommonUser"]}