{"name": "test_order_more_then_100_items", "status": "failed", "statusDetails": {"message": "AssertionError: assert 'http://91.197.96.80/checkout' == 'http://91.197.96.80/cart'\n  \n  \u001b[0m\u001b[91m- http://91.197.96.80/cart\u001b[39;49;00m\u001b[90m\u001b[39;49;00m\n  ?                      ^^\u001b[90m\u001b[39;49;00m\n  \u001b[92m+ http://91.197.96.80/checkout\u001b[39;49;00m\u001b[90m\u001b[39;49;00m\n  ?                      ^^^^^^\u001b[90m\u001b[39;49;00m", "trace": "self = <tests.test_common_user.TestCommonUser object at 0x000001E6F43CB200>\n\n    def test_order_more_then_100_items(self):\n        # Тест оформления заказа с более чем 100 товарами\n        base_page = BasePage(self.driver)\n    \n        login_page = LoginPage(self.LOGIN_PAGE_URL, self.driver)\n    \n        login_page.open()\n        login_page.login(self.LOGIN, self.PASSWORD)\n    \n        assert login_page.assure_login()\n    \n        shop_page = ShopPage(self.driver)\n    \n        # Очищаем корзину, если в ней есть товары\n        if shop_page.get_cart_count() != 0:\n            shop_page.clear_cart()\n    \n        assert shop_page.get_cart_count() == 0\n    \n        # Добавляем 101 товар\n        shop_page.add_product_to_cart_by_index(1, times=101)\n    \n        shop_page.go_to_cart()\n    \n        cart_page = CartPage(self.driver)\n    \n        cart_page.place_order()\n    \n        # Проверяем, что остались на странице корзины (заказ не оформлен)\n>       assert self.driver.current_url == self.CART_PAGE_URL\nE       AssertionError: assert 'http://91.197.96.80/checkout' == 'http://91.197.96.80/cart'\nE         \nE         \u001b[0m\u001b[91m- http://91.197.96.80/cart\u001b[39;49;00m\u001b[90m\u001b[39;49;00m\nE         ?                      ^^\u001b[90m\u001b[39;49;00m\nE         \u001b[92m+ http://91.197.96.80/checkout\u001b[39;49;00m\u001b[90m\u001b[39;49;00m\nE         ?                      ^^^^^^\u001b[90m\u001b[39;49;00m\n\ntests\\test_common_user.py:403: AssertionError"}, "attachments": [{"name": "stdout", "source": "0ae9247b-f4fd-4849-8370-dc413ff6ba33-attachment.txt", "type": "text/plain"}], "start": 1765474704769, "stop": 1765474733648, "uuid": "a4b713a7-fb13-47f4-a506-417b79748780", "historyId": "9bf450ebaa7decc7dced6a0dcfbe3a8c", "testCaseId": "9bf450ebaa7decc7dced6a0dcfbe3a8c", "fullName": "tests.test_common_user.TestCommonUser#test_order_more_then_100_items", "labels": [{"name": "parentSuite", "value": "tests"}, {"name": "suite", "value": "test_common_user"}, {"name": "subSuite", "value": "TestCommonUser"}, {"name": "host", "value": "WIN-PJRNLMV72IQ"}, {"name": "thread", "value": "28380-MainThread"}, {"name": "framework", "value": "pytest"}, {"name": "language", "value": "cpython3"}, {"name": "package", "value": "tests.test_common_user"}], "titlePath": ["tests", "test_common_user.py", "TestCommonUser"]}