{"name": "test_data_validation_on_overview_page", "status": "failed", "statusDetails": {"message": "Failed: Элемент 'Петр' не сходится с 'ул. Тестовая, д. 1, кв. 1'", "trace": "self = <pages.order_accept_page.OrderAccept object at 0x000001E6F44D5550>\n\n    def check_user_info(self):\n        # Получаем информацию о пользователе со страницы\n        user_info = self.get_user_info()\n        expected_info = self.get_expected_user_info()\n    \n        if len(user_info) != len(expected_info):\n            pytest.fail(\"Информация для проверки неполная или некорректная\")\n    \n        for item in range(len(user_info)):\n            try:\n                # Проходимся по списку с информацией и ищем совпадения\n>               assert user_info[item] == expected_info[item]\n                       ^^^^^^^^^^^^^^^^^^^^^^^^^^^^^^^^^^^^^^\nE               AssertionError\n\npages\\order_accept_page.py:138: AssertionError\n\nDuring handling of the above exception, another exception occurred:\n\nself = <tests.test_common_user.TestCommonUser object at 0x000001E6F4356F50>\n\n    def test_data_validation_on_overview_page(self):\n        # Тест валидации данных на странице подтверждения заказа\n        base_page = BasePage(self.driver)\n    \n        base_page.generate_positive_user_date()\n    \n        login_page = LoginPage(self.LOGIN_PAGE_URL, self.driver)\n    \n        login_page.open()\n        time.sleep(1)\n        login_page.login(self.LOGIN, self.PASSWORD)\n    \n        shop_page = ShopPage(self.driver)\n    \n        # Очищаем корзину, если в ней есть товары\n        if shop_page.get_cart_count() != 0:\n            shop_page.clear_cart()\n    \n        assert shop_page.get_cart_count() == 0\n    \n        # Добавляем товары в корзину\n        shop_page.add_product_to_cart_by_index(1)\n        shop_page.add_product_to_cart_by_index(4, times=2)\n    \n        cart_amount = shop_page.get_cart_count()\n    \n        shop_page.go_to_cart()\n    \n        cart_page = CartPage(self.driver)\n    \n        # Проверяем товары на соответствие добавленным\n        cart_page.check_all_products_stats()\n    \n        product_amount = base_page.get_product_amount()\n    \n        # Сохраняем сумму\n        cart_summ = cart_page.get_cart_summ()\n    \n        assert cart_amount == product_amount\n    \n        # Переходим на страницу заполнения пользовательских данных\n        cart_page.place_order()\n    \n        user_data_page = UserDataPage(self.driver)\n    \n        user_data_page.input_user_data()\n        user_data_page.click_place_order_button()\n    \n        order_accept_page = OrderAccept(self.driver)\n    \n        # Проверяем данные на странице подтверждения заказа\n        order_accept_page.check_all_products_stats()\n        order_accept_page.check_product_summary(cart_amount=cart_amount, cart_summ=cart_summ)\n>       order_accept_page.check_user_info()\n\ntests\\test_common_user.py:372: \n_ _ _ _ _ _ _ _ _ _ _ _ _ _ _ _ _ _ _ _ _ _ _ _ _ _ _ _ _ _ _ _ _ _ _ _ _ _ _ _ _ _ _ _ _ _ _ _ _ _ _ _ _ _ _ _ _ _ _ _ _ _ _ _ _ _ _ _ _ _ _ _ _ _ _ _ _ _ _ _ _ _ _ _ _ _ _ _ _ _ _ _ _ _ _ _ _ _ _ _ _ _ _ _ _ _ _ _ _ _ _ _ _ _\n\nself = <pages.order_accept_page.OrderAccept object at 0x000001E6F44D5550>\n\n    def check_user_info(self):\n        # Получаем информацию о пользователе со страницы\n        user_info = self.get_user_info()\n        expected_info = self.get_expected_user_info()\n    \n        if len(user_info) != len(expected_info):\n            pytest.fail(\"Информация для проверки неполная или некорректная\")\n    \n        for item in range(len(user_info)):\n            try:\n                # Проходимся по списку с информацией и ищем совпадения\n                assert user_info[item] == expected_info[item]\n            except AssertionError:\n>               pytest.fail(f\"Элемент '{user_info[item]}' не сходится с '{expected_info[item]}'\")\nE               Failed: Элемент 'Петр' не сходится с 'ул. Тестовая, д. 1, кв. 1'\n\npages\\order_accept_page.py:140: Failed"}, "attachments": [{"name": "stdout", "source": "8b5ef0b4-e412-4fb5-a158-f0060d113952-attachment.txt", "type": "text/plain"}], "start": 1765474691131, "stop": 1765474701700, "uuid": "5f917ede-dfd5-49c4-a890-7adeb0d5c468", "historyId": "7995aeda2364c69eb382fad555dd4abd", "testCaseId": "7995aeda2364c69eb382fad555dd4abd", "fullName": "tests.test_common_user.TestCommonUser#test_data_validation_on_overview_page", "labels": [{"name": "parentSuite", "value": "tests"}, {"name": "suite", "value": "test_common_user"}, {"name": "subSuite", "value": "TestCommonUser"}, {"name": "host", "value": "WIN-PJRNLMV72IQ"}, {"name": "thread", "value": "28380-MainThread"}, {"name": "framework", "value": "pytest"}, {"name": "language", "value": "cpython3"}, {"name": "package", "value": "tests.test_common_user"}], "titlePath": ["tests", "test_common_user.py", "TestCommonUser"]}